[debug] [2023-07-23T16:23:57.319Z] ----------------------------------------------------------------------
[debug] [2023-07-23T16:23:57.321Z] Command:       /usr/local/bin/firebase /Users/janudwi/.cache/firebase/tools/lib/node_modules/firebase-tools/lib/bin/firebase init
[debug] [2023-07-23T16:23:57.322Z] CLI Version:   12.4.5
[debug] [2023-07-23T16:23:57.322Z] Platform:      darwin
[debug] [2023-07-23T16:23:57.322Z] Node Version:  v16.16.0
[debug] [2023-07-23T16:23:57.327Z] Time:          Sun Jul 23 2023 23:23:57 GMT+0700 (Western Indonesia Time)
[debug] [2023-07-23T16:23:57.327Z] ----------------------------------------------------------------------
[debug] 
[debug] [2023-07-23T16:23:57.415Z] > command requires scopes: ["email","openid","https://www.googleapis.com/auth/cloudplatformprojects.readonly","https://www.googleapis.com/auth/firebase","https://www.googleapis.com/auth/cloud-platform"]
[debug] [2023-07-23T16:23:57.416Z] > authorizing via signed-in user (mabaryuk.id@gmail.com)
[info] 
     ######## #### ########  ######## ########     ###     ######  ########
     ##        ##  ##     ## ##       ##     ##  ##   ##  ##       ##
     ######    ##  ########  ######   ########  #########  ######  ######
     ##        ##  ##    ##  ##       ##     ## ##     ##       ## ##
     ##       #### ##     ## ######## ########  ##     ##  ######  ########

You're about to initialize a Firebase project in this directory:

  /Users/janudwi/Mobile_Mabar_V1

Before we get started, keep in mind:

  * You are initializing within an existing Firebase project directory

